C:\USERS\ADMINISTRATOR\DESKTOP\05_C_김정우\DAY_03\DAY_03\DEBUG\03_INPUT_01.OBJ
C:\USERS\ADMINISTRATOR\DESKTOP\05_C_김정우\DAY_03\DAY_03\DEBUG\03_OPERATOR_01.OBJ
C:\USERS\ADMINISTRATOR\DESKTOP\05_C_김정우\DAY_03\DAY_03\DEBUG\03_TEST_01.OBJ
C:\USERS\ADMINISTRATOR\DESKTOP\05_C_김정우\DAY_03\DAY_03\DEBUG\03_TEST_02.OBJ
C:\USERS\ADMINISTRATOR\DESKTOP\05_C_김정우\DAY_03\DAY_03\DEBUG\03_TEST_02_REVISED.OBJ
C:\USERS\ADMINISTRATOR\DESKTOP\05_C_김정우\DAY_03\DAY_03\DEBUG\03_VAR_01.OBJ
C:\Users\Administrator\Desktop\05_c_김정우\Day_03\Day_03\Debug\cl.command.1.tlog
C:\Users\Administrator\Desktop\05_c_김정우\Day_03\Day_03\Debug\CL.read.1.tlog
C:\Users\Administrator\Desktop\05_c_김정우\Day_03\Day_03\Debug\CL.write.1.tlog
C:\USERS\ADMINISTRATOR\DESKTOP\05_C_김정우\DAY_03\DAY_03\DEBUG\DAY_03.EXE.EMBED.MANIFEST
C:\USERS\ADMINISTRATOR\DESKTOP\05_C_김정우\DAY_03\DAY_03\DEBUG\DAY_03.EXE.EMBED.MANIFEST.RES
C:\USERS\ADMINISTRATOR\DESKTOP\05_C_김정우\DAY_03\DAY_03\DEBUG\DAY_03.EXE.INTERMEDIATE.MANIFEST
C:\Users\Administrator\Desktop\05_c_김정우\Day_03\Day_03\Debug\Day_03_manifest.rc
C:\Users\Administrator\Desktop\05_c_김정우\Day_03\Day_03\Debug\link.2552.read.1.tlog
C:\Users\Administrator\Desktop\05_c_김정우\Day_03\Day_03\Debug\link.2552.write.1.tlog
C:\Users\Administrator\Desktop\05_c_김정우\Day_03\Day_03\Debug\link.2552-cvtres.read.1.tlog
C:\Users\Administrator\Desktop\05_c_김정우\Day_03\Day_03\Debug\link.2552-cvtres.write.1.tlog
C:\Users\Administrator\Desktop\05_c_김정우\Day_03\Day_03\Debug\link.3476.read.1.tlog
C:\Users\Administrator\Desktop\05_c_김정우\Day_03\Day_03\Debug\link.3476.write.1.tlog
C:\Users\Administrator\Desktop\05_c_김정우\Day_03\Day_03\Debug\link.3476-cvtres.read.1.tlog
C:\Users\Administrator\Desktop\05_c_김정우\Day_03\Day_03\Debug\link.3476-cvtres.write.1.tlog
C:\Users\Administrator\Desktop\05_c_김정우\Day_03\Day_03\Debug\link.3672.read.1.tlog
C:\Users\Administrator\Desktop\05_c_김정우\Day_03\Day_03\Debug\link.3672.write.1.tlog
C:\Users\Administrator\Desktop\05_c_김정우\Day_03\Day_03\Debug\link.3672-cvtres.read.1.tlog
C:\Users\Administrator\Desktop\05_c_김정우\Day_03\Day_03\Debug\link.3672-cvtres.write.1.tlog
C:\Users\Administrator\Desktop\05_c_김정우\Day_03\Day_03\Debug\link.3824.read.1.tlog
C:\Users\Administrator\Desktop\05_c_김정우\Day_03\Day_03\Debug\link.3824.write.1.tlog
C:\Users\Administrator\Desktop\05_c_김정우\Day_03\Day_03\Debug\link.3824-cvtres.read.1.tlog
C:\Users\Administrator\Desktop\05_c_김정우\Day_03\Day_03\Debug\link.3824-cvtres.write.1.tlog
C:\Users\Administrator\Desktop\05_c_김정우\Day_03\Day_03\Debug\link.3872.read.1.tlog
C:\Users\Administrator\Desktop\05_c_김정우\Day_03\Day_03\Debug\link.3872.write.1.tlog
C:\Users\Administrator\Desktop\05_c_김정우\Day_03\Day_03\Debug\link.3872-cvtres.read.1.tlog
C:\Users\Administrator\Desktop\05_c_김정우\Day_03\Day_03\Debug\link.3872-cvtres.write.1.tlog
C:\Users\Administrator\Desktop\05_c_김정우\Day_03\Day_03\Debug\link.4172.read.1.tlog
C:\Users\Administrator\Desktop\05_c_김정우\Day_03\Day_03\Debug\link.4172.write.1.tlog
C:\Users\Administrator\Desktop\05_c_김정우\Day_03\Day_03\Debug\link.4172-cvtres.read.1.tlog
C:\Users\Administrator\Desktop\05_c_김정우\Day_03\Day_03\Debug\link.4172-cvtres.write.1.tlog
C:\Users\Administrator\Desktop\05_c_김정우\Day_03\Day_03\Debug\link.4632.read.1.tlog
C:\Users\Administrator\Desktop\05_c_김정우\Day_03\Day_03\Debug\link.4632.write.1.tlog
C:\Users\Administrator\Desktop\05_c_김정우\Day_03\Day_03\Debug\link.4632-cvtres.read.1.tlog
C:\Users\Administrator\Desktop\05_c_김정우\Day_03\Day_03\Debug\link.4632-cvtres.write.1.tlog
C:\Users\Administrator\Desktop\05_c_김정우\Day_03\Day_03\Debug\link.4680.read.1.tlog
C:\Users\Administrator\Desktop\05_c_김정우\Day_03\Day_03\Debug\link.4680.write.1.tlog
C:\Users\Administrator\Desktop\05_c_김정우\Day_03\Day_03\Debug\link.4680-cvtres.read.1.tlog
C:\Users\Administrator\Desktop\05_c_김정우\Day_03\Day_03\Debug\link.4680-cvtres.write.1.tlog
C:\Users\Administrator\Desktop\05_c_김정우\Day_03\Day_03\Debug\link.4696.read.1.tlog
C:\Users\Administrator\Desktop\05_c_김정우\Day_03\Day_03\Debug\link.4696.write.1.tlog
C:\Users\Administrator\Desktop\05_c_김정우\Day_03\Day_03\Debug\link.4696-cvtres.read.1.tlog
C:\Users\Administrator\Desktop\05_c_김정우\Day_03\Day_03\Debug\link.4696-cvtres.write.1.tlog
C:\Users\Administrator\Desktop\05_c_김정우\Day_03\Day_03\Debug\link.4844.read.1.tlog
C:\Users\Administrator\Desktop\05_c_김정우\Day_03\Day_03\Debug\link.4844.write.1.tlog
C:\Users\Administrator\Desktop\05_c_김정우\Day_03\Day_03\Debug\link.4844-cvtres.read.1.tlog
C:\Users\Administrator\Desktop\05_c_김정우\Day_03\Day_03\Debug\link.4844-cvtres.write.1.tlog
C:\Users\Administrator\Desktop\05_c_김정우\Day_03\Day_03\Debug\link.652.read.1.tlog
C:\Users\Administrator\Desktop\05_c_김정우\Day_03\Day_03\Debug\link.652.write.1.tlog
C:\Users\Administrator\Desktop\05_c_김정우\Day_03\Day_03\Debug\link.652-cvtres.read.1.tlog
C:\Users\Administrator\Desktop\05_c_김정우\Day_03\Day_03\Debug\link.652-cvtres.write.1.tlog
C:\Users\Administrator\Desktop\05_c_김정우\Day_03\Day_03\Debug\link.748.read.1.tlog
C:\Users\Administrator\Desktop\05_c_김정우\Day_03\Day_03\Debug\link.748.write.1.tlog
C:\Users\Administrator\Desktop\05_c_김정우\Day_03\Day_03\Debug\link.748-cvtres.read.1.tlog
C:\Users\Administrator\Desktop\05_c_김정우\Day_03\Day_03\Debug\link.748-cvtres.write.1.tlog
C:\Users\Administrator\Desktop\05_c_김정우\Day_03\Day_03\Debug\link.964.read.1.tlog
C:\Users\Administrator\Desktop\05_c_김정우\Day_03\Day_03\Debug\link.964.write.1.tlog
C:\Users\Administrator\Desktop\05_c_김정우\Day_03\Day_03\Debug\link.964-cvtres.read.1.tlog
C:\Users\Administrator\Desktop\05_c_김정우\Day_03\Day_03\Debug\link.964-cvtres.write.1.tlog
C:\Users\Administrator\Desktop\05_c_김정우\Day_03\Day_03\Debug\link.command.1.tlog
C:\Users\Administrator\Desktop\05_c_김정우\Day_03\Day_03\Debug\link.read.1.tlog
C:\Users\Administrator\Desktop\05_c_김정우\Day_03\Day_03\Debug\link.write.1.tlog
C:\Users\Administrator\Desktop\05_c_김정우\Day_03\Day_03\Debug\link-cvtres.read.1.tlog
C:\Users\Administrator\Desktop\05_c_김정우\Day_03\Day_03\Debug\link-cvtres.write.1.tlog
C:\Users\Administrator\Desktop\05_c_김정우\Day_03\Day_03\Debug\mt.command.1.tlog
C:\Users\Administrator\Desktop\05_c_김정우\Day_03\Day_03\Debug\mt.read.1.tlog
C:\Users\Administrator\Desktop\05_c_김정우\Day_03\Day_03\Debug\mt.write.1.tlog
C:\Users\Administrator\Desktop\05_c_김정우\Day_03\Day_03\Debug\rc.command.1.tlog
C:\Users\Administrator\Desktop\05_c_김정우\Day_03\Day_03\Debug\rc.read.1.tlog
C:\Users\Administrator\Desktop\05_c_김정우\Day_03\Day_03\Debug\rc.write.1.tlog
C:\Users\Administrator\Desktop\05_c_김정우\Day_03\Day_03\Debug\vc100.idb
C:\USERS\ADMINISTRATOR\DESKTOP\05_C_김정우\DAY_03\DAY_03\DEBUG\VC100.PDB
C:\USERS\ADMINISTRATOR\DESKTOP\05_C_김정우\DAY_03\DEBUG\DAY_03.EXE
C:\USERS\ADMINISTRATOR\DESKTOP\05_C_김정우\DAY_03\DEBUG\DAY_03.ILK
C:\USERS\ADMINISTRATOR\DESKTOP\05_C_김정우\DAY_03\DEBUG\DAY_03.PDB
