빌드 시작: 2018-01-31 오전 11:16:13
     1>2 노드의 "C:\Users\Administrator\Desktop\12_pointer_02\10_D_Array\10_D_Array.vcxproj" 프로젝트(build 대상)입니다.
     1>InitializeBuildStatus:
         "AlwaysCreate"이(가) 지정되었기 때문에 "Debug\10_D_Array.unsuccessfulbuild"을(를) 만들고 있습니다.
       ClCompile:
         C:\Program Files (x86)\Microsoft Visual Studio 10.0\VC\bin\CL.exe /c /ZI /nologo /W3 /WX- /Od /Oy- /D WIN32 /D _DEBUG /D _CONSOLE /D _UNICODE /D UNICODE /Gm /EHsc /RTC1 /MDd /GS /fp:precise /Zc:wchar_t /Zc:forScope /Fo"Debug\\" /Fd"Debug\vc100.pdb" /Gd /TP /analyze- /errorReport:prompt file.cpp
         file.cpp
     1>c:\users\administrator\desktop\12_pointer_02\10_d_array\file.cpp(30): warning C4996: 'fopen': This function or variable may be unsafe. Consider using fopen_s instead. To disable deprecation, use _CRT_SECURE_NO_WARNINGS. See online help for details.
                 c:\program files (x86)\microsoft visual studio 10.0\vc\include\stdio.h(234) : 'fopen' 선언을 참조하십시오.
     1>c:\users\administrator\desktop\12_pointer_02\10_d_array\file.cpp(16): warning C4101: 'a' :참조되지 않은 지역 변수입니다.
     1>c:\users\administrator\desktop\12_pointer_02\10_d_array\file.cpp(18): warning C4101: 'i' :참조되지 않은 지역 변수입니다.
     1>c:\users\administrator\desktop\12_pointer_02\10_d_array\file.cpp(20): warning C4101: 'tEnd' :참조되지 않은 지역 변수입니다.
     1>c:\users\administrator\desktop\12_pointer_02\10_d_array\file.cpp(17): warning C4101: 'b' :참조되지 않은 지역 변수입니다.
       ManifestResourceCompile:
         모든 출력이 최신 상태입니다.
       Link:
         C:\Program Files (x86)\Microsoft Visual Studio 10.0\VC\bin\link.exe /ERRORREPORT:PROMPT /OUT:"C:\Users\Administrator\Desktop\12_pointer_02\Debug\10_D_Array.exe" /INCREMENTAL /NOLOGO kernel32.lib user32.lib gdi32.lib winspool.lib comdlg32.lib advapi32.lib shell32.lib ole32.lib oleaut32.lib uuid.lib odbc32.lib odbccp32.lib /MANIFEST /ManifestFile:"Debug\10_D_Array.exe.intermediate.manifest" /MANIFESTUAC:"level='asInvoker' uiAccess='false'" /DEBUG /PDB:"C:\Users\Administrator\Desktop\12_pointer_02\Debug\10_D_Array.pdb" /SUBSYSTEM:CONSOLE /TLBID:1 /DYNAMICBASE /NXCOMPAT /IMPLIB:"C:\Users\Administrator\Desktop\12_pointer_02\Debug\10_D_Array.lib" /MACHINE:X86 Debug\10_D_Array.exe.embed.manifest.res
         Debug\file.obj
       Manifest:
         C:\Program Files (x86)\Microsoft SDKs\Windows\v7.0A\bin\mt.exe /nologo /verbose /out:"Debug\10_D_Array.exe.embed.manifest" /manifest Debug\10_D_Array.exe.intermediate.manifest
         모든 출력이 최신 상태입니다.
       LinkEmbedManifest:
         모든 출력이 최신 상태입니다.
         10_D_Array.vcxproj -> C:\Users\Administrator\Desktop\12_pointer_02\Debug\10_D_Array.exe
       FinalizeBuildStatus:
         "Debug\10_D_Array.unsuccessfulbuild" 파일을 삭제하고 있습니다.
         "Debug\10_D_Array.lastbuildstate"에 연결(touching)하고 있습니다.
     1>"C:\Users\Administrator\Desktop\12_pointer_02\10_D_Array\10_D_Array.vcxproj" 프로젝트를 빌드했습니다(build 대상).

빌드했습니다.

경과 시간: 00:00:00.93
