C:\USERS\ADMINISTRATOR\DESKTOP\05_C_김정우\DAY_03\DEBUG\03_TEST_02_REVISED.OBJ
C:\Users\Administrator\Desktop\05_c_김정우\Day_03\Debug\cl.command.1.tlog
C:\Users\Administrator\Desktop\05_c_김정우\Day_03\Debug\CL.read.1.tlog
C:\Users\Administrator\Desktop\05_c_김정우\Day_03\Debug\CL.write.1.tlog
C:\USERS\ADMINISTRATOR\DESKTOP\05_C_김정우\DAY_03\DEBUG\DAY_03.EXE.EMBED.MANIFEST
C:\USERS\ADMINISTRATOR\DESKTOP\05_C_김정우\DAY_03\DEBUG\DAY_03.EXE.EMBED.MANIFEST.RES
C:\USERS\ADMINISTRATOR\DESKTOP\05_C_김정우\DAY_03\DEBUG\DAY_03.EXE.INTERMEDIATE.MANIFEST
C:\Users\Administrator\Desktop\05_c_김정우\Day_03\Debug\Day_03_manifest.rc
C:\Users\Administrator\Desktop\05_c_김정우\Day_03\Debug\link.892.read.1.tlog
C:\Users\Administrator\Desktop\05_c_김정우\Day_03\Debug\link.892.write.1.tlog
C:\Users\Administrator\Desktop\05_c_김정우\Day_03\Debug\link.892-cvtres.read.1.tlog
C:\Users\Administrator\Desktop\05_c_김정우\Day_03\Debug\link.892-cvtres.write.1.tlog
C:\Users\Administrator\Desktop\05_c_김정우\Day_03\Debug\link.command.1.tlog
C:\Users\Administrator\Desktop\05_c_김정우\Day_03\Debug\link.read.1.tlog
C:\Users\Administrator\Desktop\05_c_김정우\Day_03\Debug\link.write.1.tlog
C:\Users\Administrator\Desktop\05_c_김정우\Day_03\Debug\link-cvtres.read.1.tlog
C:\Users\Administrator\Desktop\05_c_김정우\Day_03\Debug\link-cvtres.write.1.tlog
C:\Users\Administrator\Desktop\05_c_김정우\Day_03\Debug\mt.command.1.tlog
C:\Users\Administrator\Desktop\05_c_김정우\Day_03\Debug\mt.read.1.tlog
C:\Users\Administrator\Desktop\05_c_김정우\Day_03\Debug\mt.write.1.tlog
C:\Users\Administrator\Desktop\05_c_김정우\Day_03\Debug\rc.command.1.tlog
C:\Users\Administrator\Desktop\05_c_김정우\Day_03\Debug\rc.read.1.tlog
C:\Users\Administrator\Desktop\05_c_김정우\Day_03\Debug\rc.write.1.tlog
C:\Users\Administrator\Desktop\05_c_김정우\Day_03\Debug\vc100.idb
C:\USERS\ADMINISTRATOR\DESKTOP\05_C_김정우\DAY_03\DEBUG\VC100.PDB
C:\USERS\ADMINISTRATOR\DESKTOP\05_C_김정우\DEBUG\DAY_03.EXE
C:\USERS\ADMINISTRATOR\DESKTOP\05_C_김정우\DEBUG\DAY_03.ILK
C:\USERS\ADMINISTRATOR\DESKTOP\05_C_김정우\DEBUG\DAY_03.PDB
