빌드 시작: 2018-06-05 오후 12:45:37
     1>2 노드의 "C:\05_c_1130_pbw\workspace\Day_01\Day19\Day19.vcxproj" 프로젝트(build 대상)입니다.
     1>InitializeBuildStatus:
         "AlwaysCreate"이(가) 지정되었기 때문에 "Debug\Day19.unsuccessfulbuild"을(를) 만들고 있습니다.
       ClCompile:
         C:\Program Files (x86)\Microsoft Visual Studio 10.0\VC\bin\CL.exe /c /ZI /nologo /W3 /WX- /Od /Oy- /D WIN32 /D _DEBUG /D _CONSOLE /D _UNICODE /D UNICODE /Gm /EHsc /RTC1 /MDd /GS /fp:precise /Zc:wchar_t /Zc:forScope /Fo"Debug\\" /Fd"Debug\vc100.pdb" /Gd /TC /analyze- /errorReport:prompt 19_test_01.c
         19_test_01.c
     1>c:\05_c_1130_pbw\workspace\day_01\day19\19_test_01.c(24): warning C4101: 'temp' :참조되지 않은 지역 변수입니다.
       ManifestResourceCompile:
         모든 출력이 최신 상태입니다.
       Link:
         C:\Program Files (x86)\Microsoft Visual Studio 10.0\VC\bin\link.exe /ERRORREPORT:PROMPT /OUT:"C:\05_c_1130_pbw\workspace\Day_01\Debug\Day19.exe" /INCREMENTAL /NOLOGO kernel32.lib user32.lib gdi32.lib winspool.lib comdlg32.lib advapi32.lib shell32.lib ole32.lib oleaut32.lib uuid.lib odbc32.lib odbccp32.lib /MANIFEST /ManifestFile:"Debug\Day19.exe.intermediate.manifest" /MANIFESTUAC:"level='asInvoker' uiAccess='false'" /DEBUG /PDB:"C:\05_c_1130_pbw\workspace\Day_01\Debug\Day19.pdb" /SUBSYSTEM:CONSOLE /TLBID:1 /DYNAMICBASE /NXCOMPAT /IMPLIB:"C:\05_c_1130_pbw\workspace\Day_01\Debug\Day19.lib" /MACHINE:X86 Debug\Day19.exe.embed.manifest.res
         Debug\19_test_01.obj
       Manifest:
         C:\Program Files (x86)\Microsoft SDKs\Windows\v7.0A\bin\mt.exe /nologo /verbose /out:"Debug\Day19.exe.embed.manifest" /manifest Debug\Day19.exe.intermediate.manifest
         모든 출력이 최신 상태입니다.
       LinkEmbedManifest:
         모든 출력이 최신 상태입니다.
         Day19.vcxproj -> C:\05_c_1130_pbw\workspace\Day_01\Debug\Day19.exe
       FinalizeBuildStatus:
         "Debug\Day19.unsuccessfulbuild" 파일을 삭제하고 있습니다.
         "Debug\Day19.lastbuildstate"에 연결(touching)하고 있습니다.
     1>"C:\05_c_1130_pbw\workspace\Day_01\Day19\Day19.vcxproj" 프로젝트를 빌드했습니다(build 대상).

빌드했습니다.

경과 시간: 00:00:00.32
